<?xml version="1.0" encoding="UTF-8" ?>
<testsuite failures="0" time="0.973" errors="0" skipped="0" tests="4" name="TestSuite">
  <properties>
[...]
</properties>
  <testcase time="0.124" classname="com.pearson.qa.bluesky.csg.Tests" name="createCreateCollectionContextTest"/>
  <testcase time="0.014" classname="com.pearson.qa.bluesky.csg.Tests" name="createCreateCollectionExecutionDriverTest"/>
  <testcase time="0.017" classname="com.pearson.qa.bluesky.csg.Tests" name="createLoginContextTest"/>
  <testcase time="0.006" classname="com.pearson.qa.bluesky.csg.Tests" name="createLoginExecutionDriverTest"/>
</testsuite>