<?xml version="1.0" encoding="UTF-8"?>
<!-- Generated by org.testng.reporters.JUnitXMLReporter -->
<testsuite hostname="Didiers-MacBook-Pro.local" name="Command line test" tests="4" failures="0" timestamp="11 Feb 2014 14:45:11 GMT" time="0.583" errors="0">
  <testcase name="createCreateCollectionContextTest" time="0.124" classname="com.pearson.qa.bluesky.csg.Tests"/>
  <testcase name="createCreateCollectionExecutionDriverTest" time="0.014" classname="com.pearson.qa.bluesky.csg.Tests"/>
  <testcase name="createLoginContextTest" time="0.017" classname="com.pearson.qa.bluesky.csg.Tests"/>
  <testcase name="createLoginExecutionDriverTest" time="0.006" classname="com.pearson.qa.bluesky.csg.Tests"/>
</testsuite>
